<?xml version="1.0" encoding="UTF-8"?>
<!-- Generated by org.testng.reporters.JUnitXMLReporter -->
<testsuite ignored="6" hostname="MacBook-Pro.local" failures="0" tests="3" name="Default test" time="37.254" errors="0" timestamp="2025-07-20T23:03:27 MST">
  <testcase classname="Project001.MavenProjectExample.SwitchWindows" name="switchWind" time="22.39"/>
  <testcase classname="Project001.MavenProjectExample.MouseOperations" name="dragAndDrop" time="4.822"/>
  <testcase classname="Project001.MavenProjectExample.DynamicDataHandle" name="DynamicWebPage" time="10.014"/>
  <testcase classname="Project001.MavenProjectExample.BaseTest" name="@BeforeSuite initializeBrowser" time="0.0">
    <ignored/>
  </testcase> <!-- @BeforeSuite initializeBrowser -->
  <testcase classname="Project001.MavenProjectExample.BaseTest" name="@BeforeSuite initializeBrowser" time="0.0">
    <ignored/>
  </testcase> <!-- @BeforeSuite initializeBrowser -->
  <testcase classname="Project001.MavenProjectExample.BaseTest" name="@AfterSuite tearDownBrowser" time="0.0">
    <ignored/>
  </testcase> <!-- @AfterSuite tearDownBrowser -->
  <testcase classname="Project001.MavenProjectExample.BaseTest" name="@AfterSuite tearDownBrowser" time="0.0">
    <ignored/>
  </testcase> <!-- @AfterSuite tearDownBrowser -->
  <testcase classname="Project001.MavenProjectExample.BaseTest" name="@BeforeSuite initializeBrowser" time="0.0">
    <ignored/>
  </testcase> <!-- @BeforeSuite initializeBrowser -->
  <testcase classname="Project001.MavenProjectExample.BaseTest" name="@AfterSuite tearDownBrowser" time="0.0">
    <ignored/>
  </testcase> <!-- @AfterSuite tearDownBrowser -->
</testsuite> <!-- Default test -->
