<?xml version="1.0" encoding="UTF-8"?>
<!-- Generated by org.testng.reporters.JUnitXMLReporter -->
<testsuite ignored="4" hostname="MacBook-Pro.local" failures="0" tests="3" name="Test" time="51.04" errors="0" timestamp="2025-07-21T00:00:32 MST">
  <testcase classname="Project001.MavenProjectExample.MouseOperations" name="dragAndDrop" time="5.253"/>
  <testcase classname="Project001.MavenProjectExample.DynamicDataHandle" name="DynamicWebPage" time="10.087"/>
  <testcase classname="Project001.MavenProjectExample.SwitchWindows" name="switchWind" time="35.676"/>
  <testcase classname="Project001.MavenProjectExample.BaseTest" name="@AfterSuite tearDownBrowser" time="0.0">
    <ignored/>
  </testcase> <!-- @AfterSuite tearDownBrowser -->
  <testcase classname="Project001.MavenProjectExample.BaseTest" name="@BeforeSuite initializeBrowser" time="0.0">
    <ignored/>
  </testcase> <!-- @BeforeSuite initializeBrowser -->
  <testcase classname="Project001.MavenProjectExample.BaseTest" name="@AfterSuite tearDownBrowser" time="0.0">
    <ignored/>
  </testcase> <!-- @AfterSuite tearDownBrowser -->
  <testcase classname="Project001.MavenProjectExample.BaseTest" name="@BeforeSuite initializeBrowser" time="0.0">
    <ignored/>
  </testcase> <!-- @BeforeSuite initializeBrowser -->
</testsuite> <!-- Test -->
