<?xml version="1.0" encoding="UTF-8"?>
<!-- Generated by org.testng.reporters.JUnitXMLReporter -->
<testsuite ignored="4" hostname="MacBook-Pro.local" failures="0" tests="3" name="Test" time="21.055" errors="0" timestamp="2025-07-16T22:31:46 MST">
  <testcase classname="Project001.MavenProjectExample.MouseOperations" name="dragAndDrop" time="4.684"/>
  <testcase classname="Project001.MavenProjectExample.DynamicDataHandle" name="DynamicWebPage" time="8.951"/>
  <testcase classname="Project001.MavenProjectExample.SwitchWindows" name="switchWind" time="7.395"/>
  <testcase classname="Project001.MavenProjectExample.BaseTest" name="@BeforeSuite initializeBrowser" time="0.0">
    <ignored/>
  </testcase> <!-- @BeforeSuite initializeBrowser -->
  <testcase classname="Project001.MavenProjectExample.BaseTest" name="@AfterSuite tearDownBrowser" time="0.0">
    <ignored/>
  </testcase> <!-- @AfterSuite tearDownBrowser -->
  <testcase classname="Project001.MavenProjectExample.BaseTest" name="@BeforeSuite initializeBrowser" time="0.0">
    <ignored/>
  </testcase> <!-- @BeforeSuite initializeBrowser -->
  <testcase classname="Project001.MavenProjectExample.BaseTest" name="@AfterSuite tearDownBrowser" time="0.0">
    <ignored/>
  </testcase> <!-- @AfterSuite tearDownBrowser -->
</testsuite> <!-- Test -->
