<?xml version="1.0" encoding="UTF-8"?>
<testng-results ignored="0" total="3" passed="3" failed="0" skipped="0">
  <reporter-output>
  </reporter-output>
  <suite started-at="2025-07-20T23:59:41 MST" name="Smoke" finished-at="2025-07-21T00:00:32 MST" duration-ms="51040">
    <groups>
    </groups>
    <test started-at="2025-07-20T23:59:41 MST" name="Test" finished-at="2025-07-21T00:00:32 MST" duration-ms="51040">
      <class name="Project001.MavenProjectExample.SwitchWindows">
        <test-method signature="switchWind()[pri:0, instance:Project001.MavenProjectExample.SwitchWindows@708f5957]" started-at="2025-07-20T23:59:56 MST" name="switchWind" finished-at="2025-07-21T00:00:32 MST" duration-ms="35676" status="PASS">
          <reporter-output>
          </reporter-output>
        </test-method> <!-- switchWind -->
      </class> <!-- Project001.MavenProjectExample.SwitchWindows -->
      <class name="Project001.MavenProjectExample.MouseOperations">
        <test-method is-config="true" signature="initializeBrowser()[pri:0, instance:Project001.MavenProjectExample.MouseOperations@41fbdac4]" started-at="2025-07-20T23:59:34 MST" name="initializeBrowser" finished-at="2025-07-20T23:59:41 MST" duration-ms="6868" status="PASS">
          <reporter-output>
          </reporter-output>
        </test-method> <!-- initializeBrowser -->
        <test-method signature="dragAndDrop()[pri:0, instance:Project001.MavenProjectExample.MouseOperations@41fbdac4]" started-at="2025-07-20T23:59:41 MST" name="dragAndDrop" finished-at="2025-07-20T23:59:46 MST" duration-ms="5253" status="PASS">
          <reporter-output>
          </reporter-output>
        </test-method> <!-- dragAndDrop -->
        <test-method is-config="true" signature="tearDownBrowser()[pri:0, instance:Project001.MavenProjectExample.MouseOperations@41fbdac4]" started-at="2025-07-21T00:00:32 MST" name="tearDownBrowser" finished-at="2025-07-21T00:00:33 MST" duration-ms="901" status="PASS">
          <reporter-output>
          </reporter-output>
        </test-method> <!-- tearDownBrowser -->
      </class> <!-- Project001.MavenProjectExample.MouseOperations -->
      <class name="Project001.MavenProjectExample.DynamicDataHandle">
        <test-method signature="DynamicWebPage()[pri:0, instance:Project001.MavenProjectExample.DynamicDataHandle@619713e5]" started-at="2025-07-20T23:59:46 MST" name="DynamicWebPage" finished-at="2025-07-20T23:59:56 MST" duration-ms="10087" status="PASS">
          <reporter-output>
          </reporter-output>
        </test-method> <!-- DynamicWebPage -->
      </class> <!-- Project001.MavenProjectExample.DynamicDataHandle -->
    </test> <!-- Test -->
  </suite> <!-- Smoke -->
</testng-results>
