<?xml version="1.0" encoding="UTF-8"?>
<testsuite xmlns:xsi="http://www.w3.org/2001/XMLSchema-instance" xsi:noNamespaceSchemaLocation="https://maven.apache.org/surefire/maven-surefire-plugin/xsd/surefire-test-report.xsd" version="3.0.1" name="TestSuite" time="59.163" tests="3" errors="0" skipped="0" failures="0">
  <properties>
[...]
</properties>
  <testcase name="dragAndDrop" classname="Project001.MavenProjectExample.MouseOperations" time="5.255">
    <system-out><![CDATA[--- Setting up BrowserStack connection ---
]]></system-out>
    <system-err><![CDATA[SLF4J(W): No SLF4J providers were found.
SLF4J(W): Defaulting to no-operation (NOP) logger implementation
SLF4J(W): See https://www.slf4j.org/codes.html#noProviders for further details.
Jul 20, 2025 11:59:34 PM org.openqa.selenium.remote.tracing.opentelemetry.OpenTelemetryTracer createTracer
INFO: Using OpenTelemetry for tracing
]]></system-err>
  </testcase>
  <testcase name="DynamicWebPage" classname="Project001.MavenProjectExample.DynamicDataHandle" time="10.088">
    <system-out><![CDATA[Calculation is correct
Calculation is correct
Calculation is correct
]]></system-out>
  </testcase>
  <testcase name="switchWind" classname="Project001.MavenProjectExample.SwitchWindows" time="35.676">
    <system-out><![CDATA[Win1 Title: W3Schools Tryit Editor
Win2 Title: W3Schools Online Web Tutorials
]]></system-out>
  </testcase>
</testsuite>