<?xml version="1.0" encoding="UTF-8"?>
<!-- Generated by org.testng.reporters.JUnitXMLReporter -->
<testsuite ignored="4" hostname="MacBook-Pro.local" failures="0" tests="3" name="Test" time="30.362" errors="0" timestamp="2025-07-16T20:19:07 MST">
  <testcase classname="stepdefinitions.MouseOperations" name="dragAndDrop" time="3.802"/>
  <testcase classname="stepdefinitions.DynamicDataHandle" name="DynamicWebPage" time="7.338"/>
  <testcase classname="stepdefinitions.SwitchWindows" name="switchWind" time="19.196"/>
  <testcase classname="base.BaseTest" name="@BeforeSuite initializeBrowser" time="0.0">
    <ignored/>
  </testcase> <!-- @BeforeSuite initializeBrowser -->
  <testcase classname="base.BaseTest" name="@AfterSuite tearDownBrowser" time="0.0">
    <ignored/>
  </testcase> <!-- @AfterSuite tearDownBrowser -->
  <testcase classname="base.BaseTest" name="@AfterSuite tearDownBrowser" time="0.0">
    <ignored/>
  </testcase> <!-- @AfterSuite tearDownBrowser -->
  <testcase classname="base.BaseTest" name="@BeforeSuite initializeBrowser" time="0.0">
    <ignored/>
  </testcase> <!-- @BeforeSuite initializeBrowser -->
</testsuite> <!-- Test -->
